<?xml version="1.0" encoding="UTF-8"?>
<web-app version="3.1"
   xmlns="http://xmlns.jcp.org/xml/ns/javaee"
   xmlns:xsi="http://www.w3.org/2001/XMLSchema-instance"
   xsi:schemaLocation="http://xmlns.jcp.org/xml/ns/javaee
       http://xmlns.jcp.org/xml/ns/javaee/web-app_3_1.xsd"
   metadata-complete="false" >

  <servlet>
    <servlet-name>ExoneraTor</servlet-name>
    <servlet-class>
      org.torproject.metrics.exonerator.ExoneraTorServlet
    </servlet-class>
  </servlet>
  <servlet-mapping>
    <servlet-name>ExoneraTor</servlet-name>
    <url-pattern>/index.html</url-pattern>
  </servlet-mapping>

  <servlet>
    <servlet-name>Default</servlet-name>
    <servlet-class>
      org.eclipse.jetty.servlet.DefaultServlet
    </servlet-class>
    <init-param>
      <param-name>aliases</param-name>
      <param-value>false</param-value>
    </init-param>
    <init-param>
      <param-name>acceptRanges</param-name>
      <param-value>true</param-value>
    </init-param>
    <init-param>
      <param-name>dirAllowed</param-name>
      <param-value>false</param-value>
    </init-param>
    <init-param>
      <param-name>welcomeServlets</param-name>
      <param-value>true</param-value>
    </init-param>
    <init-param>
      <param-name>redirectWelcome</param-name>
      <param-value>false</param-value>
    </init-param>
  </servlet>
  <servlet-mapping>
    <servlet-name>Default</servlet-name>
    <url-pattern>/</url-pattern>
  </servlet-mapping>

  <servlet>
    <servlet-name>Query</servlet-name>
    <servlet-class>
      org.torproject.metrics.exonerator.QueryServlet
    </servlet-class>
  </servlet>
  <servlet-mapping>
    <servlet-name>Query</servlet-name>
    <url-pattern>/query.json</url-pattern>
  </servlet-mapping>

  <welcome-file-list>
    <welcome-file>index.html</welcome-file>
  </welcome-file-list>

</web-app>

